{
  "RSpec": {
    "coverage": {
      "/Users/jonathanpope/turing/1mod/projects/enigma/lib/key.rb": {
        "lines": [
          1,
          1,
          null,
          1,
          10,
          10,
          10,
          10,
          10,
          null,
          null,
          1,
          0,
          0,
          null,
          null,
          1,
          10,
          null,
          null,
          1,
          10,
          null,
          null,
          1,
          10,
          null,
          null,
          1,
          10,
          null,
          null
        ]
      },
      "/Users/jonathanpope/turing/1mod/projects/enigma/lib/offset.rb": {
        "lines": [
          1,
          1,
          null,
          1,
          10,
          10,
          10,
          10,
          10,
          10,
          null,
          null,
          1,
          0,
          0,
          0,
          0,
          0,
          null,
          null,
          1,
          10,
          10,
          null,
          null,
          1,
          10,
          null,
          null,
          1,
          10,
          null,
          null,
          1,
          10,
          null,
          null,
          1,
          10,
          null,
          null
        ]
      },
      "/Users/jonathanpope/turing/1mod/projects/enigma/lib/shift.rb": {
        "lines": [
          1,
          1,
          null,
          1,
          10,
          10,
          10,
          10,
          10,
          null,
          null,
          1,
          10,
          10,
          10,
          10,
          10,
          null,
          null
        ]
      },
      "/Users/jonathanpope/turing/1mod/projects/enigma/lib/message.rb": {
        "lines": [
          1,
          1,
          null,
          1,
          10,
          10,
          10,
          null,
          null,
          1,
          10,
          null,
          null,
          1,
          10,
          10,
          10,
          null,
          null
        ]
      },
      "/Users/jonathanpope/turing/1mod/projects/enigma/lib/enigma.rb": {
        "lines": [
          1,
          null,
          1,
          null,
          null,
          null,
          1,
          6,
          null,
          6,
          null,
          null,
          null,
          null,
          null,
          1,
          1,
          null,
          1,
          null,
          null,
          null,
          null,
          null,
          null,
          1,
          10,
          10,
          10,
          10,
          null,
          null,
          1,
          3,
          3,
          null,
          null,
          1,
          4,
          4,
          4,
          4,
          4,
          null,
          null,
          1,
          84,
          7,
          null,
          null,
          1,
          77,
          21,
          56,
          20,
          36,
          21,
          15,
          14,
          null,
          1,
          null,
          null,
          null,
          1,
          24,
          2,
          null,
          null,
          1,
          22,
          6,
          16,
          6,
          10,
          6,
          4,
          4,
          null,
          0,
          null,
          null,
          null
        ]
      }
    },
    "timestamp": 1654883684
  }
}
