{
  "RSpec": {
    "coverage": {
      "/Users/jonathanpope/turing/1mod/projects/enigma/lib/key.rb": {
        "lines": [
          1,
          1,
          null,
          1,
          16,
          16,
          16,
          16,
          16,
          16,
          null,
          null,
          1,
          16,
          16,
          16,
          16,
          null,
          null,
          1,
          0,
          0,
          null,
          null
        ]
      },
      "/Users/jonathanpope/turing/1mod/projects/enigma/lib/offset.rb": {
        "lines": [
          1,
          1,
          null,
          1,
          16,
          16,
          16,
          16,
          16,
          16,
          null,
          null,
          1,
          0,
          0,
          0,
          0,
          0,
          null,
          null,
          1,
          16,
          16,
          null,
          null,
          1,
          16,
          16,
          16,
          16,
          16,
          null,
          null
        ]
      },
      "/Users/jonathanpope/turing/1mod/projects/enigma/lib/shift.rb": {
        "lines": [
          1,
          1,
          null,
          1,
          16,
          16,
          16,
          16,
          16,
          null,
          null,
          1,
          16,
          16,
          16,
          16,
          16,
          null,
          null
        ]
      },
      "/Users/jonathanpope/turing/1mod/projects/enigma/lib/message.rb": {
        "lines": [
          1,
          1,
          null,
          1,
          16,
          16,
          16,
          null,
          null,
          1,
          16,
          null,
          null,
          1,
          16,
          16,
          16,
          null,
          null
        ]
      },
      "/Users/jonathanpope/turing/1mod/projects/enigma/lib/enigma.rb": {
        "lines": [
          1,
          1,
          1,
          1,
          null,
          1,
          null,
          1,
          18,
          18,
          18,
          null,
          null,
          1,
          7,
          null,
          7,
          null,
          null,
          null,
          null,
          null,
          1,
          5,
          null,
          5,
          null,
          null,
          null,
          null,
          null,
          null,
          1,
          16,
          16,
          16,
          16,
          null,
          null,
          1,
          4,
          4,
          null,
          null,
          1,
          6,
          6,
          6,
          6,
          6,
          null,
          null,
          1,
          102,
          8,
          null,
          null,
          1,
          94,
          24,
          70,
          24,
          46,
          25,
          21,
          17,
          null,
          4,
          null,
          null,
          null,
          1,
          72,
          6,
          null,
          null,
          1,
          66,
          18,
          48,
          17,
          31,
          18,
          13,
          12,
          null,
          1,
          null,
          null,
          null,
          1,
          1,
          1,
          1,
          1,
          1,
          1,
          null,
          null,
          1,
          1,
          1,
          1,
          1,
          null,
          null,
          1,
          3,
          3,
          null,
          null
        ]
      }
    },
    "timestamp": 1654962536
  }
}
